[*] Run ID 0: seed=0, split_index=0
    Starting now: 2024-03-12 01:57:11.584533
[*] Loaded dataset 'HCPActivity' from 'PyG-NeuroGraphDataset':
  Data(x=[2977200, 400], edge_index=[2, 39238662], y=[7443])
  undirected: False
  num graphs: 7443
 number of edges: 39238662
  avg num_nodes/graph: 400
  num node features: 400
  num edge features: 1
  num classes: 7
Precomputing Positional Encoding statistics: ['EquivStableLapPE'] for all graphs...
  ...estimated to be undirected: False
Done! Took 00:10:50.26
Adding expander edges (round 0) ...
Done! Took 00:01:46.01
GraphGymModule(
  (model): MultiModel(
    (encoder): FeatureEncoder(
      (node_encoder): Concat2NodeEncoder(
        (encoder1): LinearNodeEncoder(
          (encoder): Linear(in_features=400, out_features=64, bias=True)
        )
        (encoder2): EquivStableLapPENodeEncoder(
          (linear_encoder_eigenvec): Linear(in_features=8, out_features=64, bias=True)
        )
      )
      (edge_encoder): LinearEdgeEncoder(
        (encoder): Linear(in_features=1, out_features=64, bias=True)
      )
      (exp_edge_fixer): ExpanderEdgeFixer(
        (exp_edge_attr): Embedding(1, 64)
        (virt_node_emb): Embedding(1, 64)
        (virt_edge_out_emb): Embedding(1, 64)
        (virt_edge_in_emb): Embedding(1, 64)
      )
    )
    (layers): Sequential(
      (0): MultiLayer(
        summary: dim_h=64, local_gnn_type=['Exphormer'], heads=4
        (models): ModuleList(
          (0): GlobalModel(
            (self_attn): ExphormerAttention(
              (Q): Linear(in_features=64, out_features=64, bias=False)
              (K): Linear(in_features=64, out_features=64, bias=False)
              (E): Linear(in_features=64, out_features=64, bias=False)
              (V): Linear(in_features=64, out_features=64, bias=False)
            )
            (norm1_attn): BatchNorm1d(64, eps=1e-05, momentum=0.1, affine=True, track_running_stats=True)
            (dropout_attn): Dropout(p=0.1, inplace=False)
          )
        )
        (ff_linear1): Linear(in_features=64, out_features=128, bias=True)
        (ff_linear2): Linear(in_features=128, out_features=64, bias=True)
        (norm2): BatchNorm1d(64, eps=1e-05, momentum=0.1, affine=True, track_running_stats=True)
        (ff_dropout1): Dropout(p=0.1, inplace=False)
        (ff_dropout2): Dropout(p=0.1, inplace=False)
      )
      (1): MultiLayer(
        summary: dim_h=64, local_gnn_type=['Exphormer'], heads=4
        (models): ModuleList(
          (0): GlobalModel(
            (self_attn): ExphormerAttention(
              (Q): Linear(in_features=64, out_features=64, bias=False)
              (K): Linear(in_features=64, out_features=64, bias=False)
              (E): Linear(in_features=64, out_features=64, bias=False)
              (V): Linear(in_features=64, out_features=64, bias=False)
            )
            (norm1_attn): BatchNorm1d(64, eps=1e-05, momentum=0.1, affine=True, track_running_stats=True)
            (dropout_attn): Dropout(p=0.1, inplace=False)
          )
        )
        (ff_linear1): Linear(in_features=64, out_features=128, bias=True)
        (ff_linear2): Linear(in_features=128, out_features=64, bias=True)
        (norm2): BatchNorm1d(64, eps=1e-05, momentum=0.1, affine=True, track_running_stats=True)
        (ff_dropout1): Dropout(p=0.1, inplace=False)
        (ff_dropout2): Dropout(p=0.1, inplace=False)
      )
      (2): MultiLayer(
        summary: dim_h=64, local_gnn_type=['Exphormer'], heads=4
        (models): ModuleList(
          (0): GlobalModel(
            (self_attn): ExphormerAttention(
              (Q): Linear(in_features=64, out_features=64, bias=False)
              (K): Linear(in_features=64, out_features=64, bias=False)
              (E): Linear(in_features=64, out_features=64, bias=False)
              (V): Linear(in_features=64, out_features=64, bias=False)
            )
            (norm1_attn): BatchNorm1d(64, eps=1e-05, momentum=0.1, affine=True, track_running_stats=True)
            (dropout_attn): Dropout(p=0.1, inplace=False)
          )
        )
        (ff_linear1): Linear(in_features=64, out_features=128, bias=True)
        (ff_linear2): Linear(in_features=128, out_features=64, bias=True)
        (norm2): BatchNorm1d(64, eps=1e-05, momentum=0.1, affine=True, track_running_stats=True)
        (ff_dropout1): Dropout(p=0.1, inplace=False)
        (ff_dropout2): Dropout(p=0.1, inplace=False)
      )
    )
    (post_mp): GNNGraphHead(
      (layer_post_mp): MLP(
        (model): Sequential(
          (0): GeneralMultiLayer(
            (Layer_0): GeneralLayer(
              (layer): Linear(
                (model): Linear(64, 64, bias=True)
              )
              (post_layer): Sequential(
                (0): ReLU()
              )
            )
          )
          (1): Linear(
            (model): Linear(64, 7, bias=True)
          )
        )
      )
    )
  )
)
accelerator: cuda
benchmark: False
bn:
  eps: 1e-05
  mom: 0.1
cfg_dest: config.yaml
custom_metrics: []
dataset:
  cache_load: False
  cache_save: False
  dir: ./datasets
  edge_dim: 128
  edge_encoder: True
  edge_encoder_bn: False
  edge_encoder_name: LinearEdge
  edge_encoder_num_types: 0
  edge_message_ratio: 0.8
  edge_negative_sampling_ratio: 1.0
  edge_train_mode: all
  encoder: True
  encoder_bn: True
  encoder_dim: 128
  encoder_name: db
  format: PyG-NeuroGraphDataset
  infer_link_label: None
  label_column: none
  label_table: none
  location: local
  name: HCPActivity
  node_encoder: True
  node_encoder_bn: False
  node_encoder_name: LinearNode+EquivStableLapPE
  node_encoder_num_types: 0
  remove_feature: False
  resample_disjoint: False
  resample_negative: False
  shuffle_split: True
  slic_compactness: 10
  split: [0.8, 0.1, 0.1]
  split_dir: ./splits
  split_index: 0
  split_mode: random
  task: graph
  task_type: classification
  to_undirected: False
  transductive: False
  transform: none
  tu_simple: True
devices: 1
example_arg: example
example_group:
  example_arg: example
gnn:
  act: relu
  agg: mean
  att_final_linear: False
  att_final_linear_bn: False
  att_heads: 1
  batchnorm: False
  clear_feature: True
  dim_inner: 64
  dropout: 0.1
  head: graph
  keep_edge: 0.5
  l2norm: True
  layer_type: generalconv
  layers_mp: 2
  layers_post_mp: 2
  layers_pre_mp: 0
  msg_direction: single
  normalize_adj: False
  residual: False
  self_msg: concat
  skip_every: 1
  stage_type: stack
gpu_mem: False
graphormer:
  attention_dropout: 0.0
  dropout: 0.0
  embed_dim: 80
  input_dropout: 0.0
  mlp_dropout: 0.0
  num_heads: 4
  num_layers: 6
  use_graph_token: True
gt:
  activation: relu
  attn_dropout: 0.1
  batch_norm: True
  bigbird:
    add_cross_attention: False
    attention_type: block_sparse
    block_size: 3
    chunk_size_feed_forward: 0
    hidden_act: relu
    is_decoder: False
    layer_norm_eps: 1e-06
    max_position_embeddings: 128
    num_random_blocks: 3
    use_bias: False
  dim_edge: 64
  dim_hidden: 64
  dropout: 0.1
  full_graph: True
  gamma: 1e-05
  layer_norm: False
  layer_type: Exphormer
  layers: 3
  n_heads: 4
  pna_degrees: []
  residual: True
  secondary_edges: full_graph
mem:
  inplace: False
metric_agg: argmax
metric_best: accuracy
model:
  edge_decoding: dot
  graph_pooling: mean
  loss_fun: cross_entropy
  match_upper: True
  size_average: mean
  thresh: 0.5
  type: MultiModel
name_tag: 
num_threads: 6
num_workers: 0
optim:
  base_lr: 0.001
  batch_accumulation: 1
  clip_grad_norm: True
  clip_grad_norm_value: 1.0
  lr_decay: 0.1
  max_epoch: 65
  min_lr: 0.0
  momentum: 0.9
  num_warmup_epochs: 5
  optimizer: adamW
  reduce_factor: 0.1
  schedule_patience: 10
  scheduler: cosine_with_warmup
  steps: [30, 60, 90]
  weight_decay: 1e-05
out_dir: results\neural-Act
posenc_ERE:
  accuracy: 0.1
  dim_pe: 16
  enable: False
  layers: 3
  model: none
  n_heads: 4
  pass_as_var: False
  post_layers: 0
  raw_norm_type: none
posenc_ERN:
  accuracy: 0.1
  dim_pe: 16
  enable: False
  er_dim: none
  layers: 3
  model: none
  n_heads: 4
  pass_as_var: False
  post_layers: 0
  raw_norm_type: none
posenc_ElstaticSE:
  dim_pe: 16
  enable: False
  kernel:
    times: []
    times_func: range(10)
  layers: 3
  model: none
  n_heads: 4
  pass_as_var: False
  post_layers: 0
  raw_norm_type: none
posenc_EquivStableLapPE:
  eigen:
    eigvec_norm: L2
    laplacian_norm: none
    max_freqs: 8
  enable: True
  raw_norm_type: none
posenc_GraphormerBias:
  dim_pe: 0
  enable: False
  node_degrees_only: False
  num_in_degrees: None
  num_out_degrees: None
  num_spatial_types: None
posenc_HKdiagSE:
  dim_pe: 16
  enable: False
  kernel:
    times: []
    times_func: 
  layers: 3
  model: none
  n_heads: 4
  pass_as_var: False
  post_layers: 0
  raw_norm_type: none
posenc_LapPE:
  dim_pe: 16
  eigen:
    eigvec_norm: L2
    laplacian_norm: sym
    max_freqs: 10
  enable: False
  layers: 3
  model: none
  n_heads: 4
  pass_as_var: False
  post_layers: 0
  raw_norm_type: none
posenc_RWSE:
  dim_pe: 16
  enable: False
  kernel:
    times: []
    times_func: 
  layers: 3
  model: none
  n_heads: 4
  pass_as_var: False
  post_layers: 0
  raw_norm_type: none
posenc_SignNet:
  dim_pe: 16
  eigen:
    eigvec_norm: L2
    laplacian_norm: sym
    max_freqs: 10
  enable: False
  layers: 3
  model: none
  n_heads: 4
  pass_as_var: False
  phi_hidden_dim: 64
  phi_out_dim: 4
  post_layers: 0
  raw_norm_type: none
prep:
  add_edge_index: True
  add_reverse_edges: True
  add_self_loops: False
  dist_cutoff: 510
  dist_enable: False
  drop_edge: 0.25
  exp: True
  exp_algorithm: Random-d
  exp_count: 1
  exp_deg: 5
  exp_max_num_iters: 100
  layer_edge_indices_dir: None
  num_virt_node: 1
  train_percent: 0.6
  use_exp_edges: True
pretrained:
  dir: 
  freeze_main: False
  reset_prediction_head: True
print: both
round: 5
run_dir: results\neural-Act\0
run_id: 0
run_multiple_splits: []
seed: 0
share:
  dim_in: 400
  dim_out: 7
  num_splits: 3
tensorboard_agg: True
tensorboard_each_run: True
train:
  auto_resume: False
  batch_size: 16
  ckpt_best: False
  ckpt_clean: True
  ckpt_period: 100
  enable_ckpt: True
  epoch_resume: -1
  eval_period: 1
  iter_per_epoch: 32
  mode: custom
  neighbor_sizes: [20, 15, 10, 5]
  node_per_graph: 32
  radius: extend
  sample_node: False
  sampler: full_batch
  skip_train_eval: False
  walk_length: 4
val:
  node_per_graph: 32
  radius: extend
  sample_node: False
  sampler: full_batch
view_emb: False
wandb:
  entity: gtransformers
  name: 
  project: neural
  use: False
Num parameters: 130887
Start from epoch 0
train: {'epoch': 0, 'time_epoch': 31.18721, 'eta': 1995.98123, 'eta_hours': 0.55444, 'loss': 1.95328567, 'lr': 0.0, 'params': 130887, 'time_iter': 0.08361, 'accuracy': 0.14024, 'f1': 0.0595, 'auc': 0.48806}
...computing epoch stats took: 0.10s
val: {'epoch': 0, 'time_epoch': 2.43757, 'loss': 1.945707, 'lr': 0, 'params': 130887, 'time_iter': 0.05186, 'accuracy': 0.16129, 'f1': 0.06603, 'auc': 0.49785}
...computing epoch stats took: 0.04s
test: {'epoch': 0, 'time_epoch': 2.63835, 'loss': 1.96127594, 'lr': 0, 'params': 130887, 'time_iter': 0.05614, 'accuracy': 0.12349, 'f1': 0.05803, 'auc': 0.49621}
...computing epoch stats took: 0.04s
> Epoch 0: took 36.5s (avg 36.5s) | Best so far: epoch 0	train_loss: 1.9533 train_accuracy: 0.1402	val_loss: 1.9457 val_accuracy: 0.1613	test_loss: 1.9613 test_accuracy: 0.1235
train: {'epoch': 1, 'time_epoch': 28.76856, 'eta': 1888.60665, 'eta_hours': 0.52461, 'loss': 1.73046707, 'lr': 0.0002, 'params': 130887, 'time_iter': 0.07713, 'accuracy': 0.56349, 'f1': 0.55732, 'auc': 0.88153}
...computing epoch stats took: 0.04s
val: {'epoch': 1, 'time_epoch': 2.1913, 'loss': 1.55223843, 'lr': 0, 'params': 130887, 'time_iter': 0.04662, 'accuracy': 0.73522, 'f1': 0.70888, 'auc': 0.9561}
...computing epoch stats took: 0.01s
test: {'epoch': 1, 'time_epoch': 2.58997, 'loss': 1.56092774, 'lr': 0, 'params': 130887, 'time_iter': 0.05511, 'accuracy': 0.7047, 'f1': 0.67332, 'auc': 0.96062}
...computing epoch stats took: 0.02s
> Epoch 1: took 33.6s (avg 35.1s) | Best so far: epoch 1	train_loss: 1.7305 train_accuracy: 0.5635	val_loss: 1.5522 val_accuracy: 0.7352	test_loss: 1.5609 test_accuracy: 0.7047
train: {'epoch': 2, 'time_epoch': 28.53396, 'eta': 1828.78777, 'eta_hours': 0.508, 'loss': 1.31866999, 'lr': 0.0004, 'params': 130887, 'time_iter': 0.0765, 'accuracy': 0.84884, 'f1': 0.84732, 'auc': 0.97529}
...computing epoch stats took: 0.02s
val: {'epoch': 2, 'time_epoch': 2.38403, 'loss': 1.09445291, 'lr': 0, 'params': 130887, 'time_iter': 0.05072, 'accuracy': 0.91398, 'f1': 0.91777, 'auc': 0.98857}
...computing epoch stats took: 0.02s
test: {'epoch': 2, 'time_epoch': 2.23772, 'loss': 1.09354283, 'lr': 0, 'params': 130887, 'time_iter': 0.04761, 'accuracy': 0.92081, 'f1': 0.92201, 'auc': 0.99198}
...computing epoch stats took: 0.02s
> Epoch 2: took 33.2s (avg 34.4s) | Best so far: epoch 2	train_loss: 1.3187 train_accuracy: 0.8488	val_loss: 1.0945 val_accuracy: 0.9140	test_loss: 1.0935 test_accuracy: 0.9208
train: {'epoch': 3, 'time_epoch': 29.11384, 'eta': 1793.45442, 'eta_hours': 0.49818, 'loss': 0.89801709, 'lr': 0.0006, 'params': 130887, 'time_iter': 0.07805, 'accuracy': 0.91401, 'f1': 0.91351, 'auc': 0.98746}
val: {'epoch': 3, 'time_epoch': 2.27913, 'loss': 0.72109169, 'lr': 0, 'params': 130887, 'time_iter': 0.04849, 'accuracy': 0.92473, 'f1': 0.92609, 'auc': 0.9916}
test: {'epoch': 3, 'time_epoch': 2.26335, 'loss': 0.70311948, 'lr': 0, 'params': 130887, 'time_iter': 0.04816, 'accuracy': 0.94094, 'f1': 0.94081, 'auc': 0.99287}
> Epoch 3: took 33.8s (avg 34.3s) | Best so far: epoch 3	train_loss: 0.8980 train_accuracy: 0.9140	val_loss: 0.7211 val_accuracy: 0.9247	test_loss: 0.7031 test_accuracy: 0.9409
train: {'epoch': 4, 'time_epoch': 29.41659, 'eta': 1764.2419, 'eta_hours': 0.49007, 'loss': 0.58301736, 'lr': 0.0008, 'params': 130887, 'time_iter': 0.07886, 'accuracy': 0.9345, 'f1': 0.93421, 'auc': 0.99158}
val: {'epoch': 4, 'time_epoch': 2.16249, 'loss': 0.64351718, 'lr': 0, 'params': 130887, 'time_iter': 0.04601, 'accuracy': 0.84274, 'f1': 0.83636, 'auc': 0.98822}
test: {'epoch': 4, 'time_epoch': 2.22632, 'loss': 0.67059876, 'lr': 0, 'params': 130887, 'time_iter': 0.04737, 'accuracy': 0.82685, 'f1': 0.8217, 'auc': 0.9891}
> Epoch 4: took 33.9s (avg 34.2s) | Best so far: epoch 3	train_loss: 0.8980 train_accuracy: 0.9140	val_loss: 0.7211 val_accuracy: 0.9247	test_loss: 0.7031 test_accuracy: 0.9409
train: {'epoch': 5, 'time_epoch': 30.19508, 'eta': 1742.6165, 'eta_hours': 0.48406, 'loss': 0.40984904, 'lr': 0.001, 'params': 130887, 'time_iter': 0.08095, 'accuracy': 0.93332, 'f1': 0.93309, 'auc': 0.99257}
val: {'epoch': 5, 'time_epoch': 2.24847, 'loss': 0.388205, 'lr': 0, 'params': 130887, 'time_iter': 0.04784, 'accuracy': 0.92608, 'f1': 0.92744, 'auc': 0.99308}
test: {'epoch': 5, 'time_epoch': 2.27478, 'loss': 0.39011853, 'lr': 0, 'params': 130887, 'time_iter': 0.0484, 'accuracy': 0.92215, 'f1': 0.9231, 'auc': 0.99157}
> Epoch 5: took 34.8s (avg 34.3s) | Best so far: epoch 5	train_loss: 0.4098 train_accuracy: 0.9333	val_loss: 0.3882 val_accuracy: 0.9261	test_loss: 0.3901 test_accuracy: 0.9222
train: {'epoch': 6, 'time_epoch': 30.17226, 'eta': 1718.35355, 'eta_hours': 0.47732, 'loss': 0.28572433, 'lr': 0.00099931, 'params': 130887, 'time_iter': 0.08089, 'accuracy': 0.95029, 'f1': 0.95018, 'auc': 0.99475}
val: {'epoch': 6, 'time_epoch': 2.24665, 'loss': 0.36399985, 'lr': 0, 'params': 130887, 'time_iter': 0.0478, 'accuracy': 0.90457, 'f1': 0.9072, 'auc': 0.99104}
test: {'epoch': 6, 'time_epoch': 2.2793, 'loss': 0.33870076, 'lr': 0, 'params': 130887, 'time_iter': 0.0485, 'accuracy': 0.91946, 'f1': 0.92155, 'auc': 0.99297}
> Epoch 6: took 34.8s (avg 34.4s) | Best so far: epoch 5	train_loss: 0.4098 train_accuracy: 0.9333	val_loss: 0.3882 val_accuracy: 0.9261	test_loss: 0.3901 test_accuracy: 0.9222
train: {'epoch': 7, 'time_epoch': 29.62233, 'eta': 1688.695, 'eta_hours': 0.46908, 'loss': 0.20598567, 'lr': 0.00099726, 'params': 130887, 'time_iter': 0.07942, 'accuracy': 0.96087, 'f1': 0.96084, 'auc': 0.99686}
val: {'epoch': 7, 'time_epoch': 2.25825, 'loss': 0.21530695, 'lr': 0, 'params': 130887, 'time_iter': 0.04805, 'accuracy': 0.95161, 'f1': 0.95268, 'auc': 0.99555}
test: {'epoch': 7, 'time_epoch': 2.37764, 'loss': 0.23714595, 'lr': 0, 'params': 130887, 'time_iter': 0.05059, 'accuracy': 0.94497, 'f1': 0.94602, 'auc': 0.99475}
> Epoch 7: took 34.4s (avg 34.4s) | Best so far: epoch 7	train_loss: 0.2060 train_accuracy: 0.9609	val_loss: 0.2153 val_accuracy: 0.9516	test_loss: 0.2371 test_accuracy: 0.9450
train: {'epoch': 8, 'time_epoch': 29.96583, 'eta': 1661.18185, 'eta_hours': 0.46144, 'loss': 0.16957038, 'lr': 0.00099384, 'params': 130887, 'time_iter': 0.08034, 'accuracy': 0.96339, 'f1': 0.96327, 'auc': 0.99756}
val: {'epoch': 8, 'time_epoch': 2.21809, 'loss': 0.24945967, 'lr': 0, 'params': 130887, 'time_iter': 0.04719, 'accuracy': 0.94489, 'f1': 0.94546, 'auc': 0.99178}
test: {'epoch': 8, 'time_epoch': 2.42818, 'loss': 0.23580436, 'lr': 0, 'params': 130887, 'time_iter': 0.05166, 'accuracy': 0.94899, 'f1': 0.94852, 'auc': 0.99411}
> Epoch 8: took 34.7s (avg 34.4s) | Best so far: epoch 7	train_loss: 0.2060 train_accuracy: 0.9609	val_loss: 0.2153 val_accuracy: 0.9516	test_loss: 0.2371 test_accuracy: 0.9450
train: {'epoch': 9, 'time_epoch': 29.57043, 'eta': 1631.00347, 'eta_hours': 0.45306, 'loss': 0.13828692, 'lr': 0.00098907, 'params': 130887, 'time_iter': 0.07928, 'accuracy': 0.97061, 'f1': 0.97049, 'auc': 0.99804}
val: {'epoch': 9, 'time_epoch': 2.40981, 'loss': 0.31477907, 'lr': 0, 'params': 130887, 'time_iter': 0.05127, 'accuracy': 0.92339, 'f1': 0.92601, 'auc': 0.98975}
test: {'epoch': 9, 'time_epoch': 2.27453, 'loss': 0.27019002, 'lr': 0, 'params': 130887, 'time_iter': 0.04839, 'accuracy': 0.92752, 'f1': 0.92429, 'auc': 0.99549}
> Epoch 9: took 34.3s (avg 34.4s) | Best so far: epoch 7	train_loss: 0.2060 train_accuracy: 0.9609	val_loss: 0.2153 val_accuracy: 0.9516	test_loss: 0.2371 test_accuracy: 0.9450
train: {'epoch': 10, 'time_epoch': 29.49244, 'eta': 1600.55278, 'eta_hours': 0.4446, 'loss': 0.12797375, 'lr': 0.00098296, 'params': 130887, 'time_iter': 0.07907, 'accuracy': 0.97078, 'f1': 0.97075, 'auc': 0.99821}
val: {'epoch': 10, 'time_epoch': 2.23835, 'loss': 0.22852051, 'lr': 0, 'params': 130887, 'time_iter': 0.04762, 'accuracy': 0.93817, 'f1': 0.93944, 'auc': 0.99544}
test: {'epoch': 10, 'time_epoch': 2.14661, 'loss': 0.18567032, 'lr': 0, 'params': 130887, 'time_iter': 0.04567, 'accuracy': 0.94899, 'f1': 0.94779, 'auc': 0.99702}
> Epoch 10: took 34.0s (avg 34.4s) | Best so far: epoch 7	train_loss: 0.2060 train_accuracy: 0.9609	val_loss: 0.2153 val_accuracy: 0.9516	test_loss: 0.2371 test_accuracy: 0.9450
train: {'epoch': 11, 'time_epoch': 29.65103, 'eta': 1570.96223, 'eta_hours': 0.43638, 'loss': 0.11732896, 'lr': 0.00097553, 'params': 130887, 'time_iter': 0.07949, 'accuracy': 0.97212, 'f1': 0.97204, 'auc': 0.99822}
val: {'epoch': 11, 'time_epoch': 2.27631, 'loss': 0.16497434, 'lr': 0, 'params': 130887, 'time_iter': 0.04843, 'accuracy': 0.95565, 'f1': 0.95587, 'auc': 0.99594}
test: {'epoch': 11, 'time_epoch': 2.19445, 'loss': 0.18951382, 'lr': 0, 'params': 130887, 'time_iter': 0.04669, 'accuracy': 0.95034, 'f1': 0.94924, 'auc': 0.99718}
> Epoch 11: took 34.2s (avg 34.3s) | Best so far: epoch 11	train_loss: 0.1173 train_accuracy: 0.9721	val_loss: 0.1650 val_accuracy: 0.9556	test_loss: 0.1895 test_accuracy: 0.9503
train: {'epoch': 12, 'time_epoch': 28.74511, 'eta': 1537.7387, 'eta_hours': 0.42715, 'loss': 0.09579348, 'lr': 0.00096679, 'params': 130887, 'time_iter': 0.07706, 'accuracy': 0.9785, 'f1': 0.97848, 'auc': 0.99882}
val: {'epoch': 12, 'time_epoch': 2.18618, 'loss': 0.14610879, 'lr': 0, 'params': 130887, 'time_iter': 0.04651, 'accuracy': 0.95968, 'f1': 0.96085, 'auc': 0.99728}
test: {'epoch': 12, 'time_epoch': 2.20248, 'loss': 0.14802993, 'lr': 0, 'params': 130887, 'time_iter': 0.04686, 'accuracy': 0.9557, 'f1': 0.95631, 'auc': 0.99772}
> Epoch 12: took 33.2s (avg 34.3s) | Best so far: epoch 12	train_loss: 0.0958 train_accuracy: 0.9785	val_loss: 0.1461 val_accuracy: 0.9597	test_loss: 0.1480 test_accuracy: 0.9557
train: {'epoch': 13, 'time_epoch': 29.70857, 'eta': 1508.66469, 'eta_hours': 0.41907, 'loss': 0.07766877, 'lr': 0.00095677, 'params': 130887, 'time_iter': 0.07965, 'accuracy': 0.97985, 'f1': 0.9798, 'auc': 0.99933}
val: {'epoch': 13, 'time_epoch': 2.28291, 'loss': 0.2469154, 'lr': 0, 'params': 130887, 'time_iter': 0.04857, 'accuracy': 0.9422, 'f1': 0.94349, 'auc': 0.99405}
test: {'epoch': 13, 'time_epoch': 2.32177, 'loss': 0.20277668, 'lr': 0, 'params': 130887, 'time_iter': 0.0494, 'accuracy': 0.95705, 'f1': 0.95627, 'auc': 0.99595}
> Epoch 13: took 34.4s (avg 34.3s) | Best so far: epoch 12	train_loss: 0.0958 train_accuracy: 0.9785	val_loss: 0.1461 val_accuracy: 0.9597	test_loss: 0.1480 test_accuracy: 0.9557
train: {'epoch': 14, 'time_epoch': 28.9997, 'eta': 1477.14316, 'eta_hours': 0.41032, 'loss': 0.07365908, 'lr': 0.0009455, 'params': 130887, 'time_iter': 0.07775, 'accuracy': 0.98119, 'f1': 0.98115, 'auc': 0.99924}
val: {'epoch': 14, 'time_epoch': 2.1839, 'loss': 0.14347789, 'lr': 0, 'params': 130887, 'time_iter': 0.04647, 'accuracy': 0.96774, 'f1': 0.96872, 'auc': 0.99853}
test: {'epoch': 14, 'time_epoch': 2.23263, 'loss': 0.13971363, 'lr': 0, 'params': 130887, 'time_iter': 0.0475, 'accuracy': 0.96242, 'f1': 0.96231, 'auc': 0.99918}
> Epoch 14: took 33.5s (avg 34.2s) | Best so far: epoch 14	train_loss: 0.0737 train_accuracy: 0.9812	val_loss: 0.1435 val_accuracy: 0.9677	test_loss: 0.1397 test_accuracy: 0.9624
train: {'epoch': 15, 'time_epoch': 29.81796, 'eta': 1448.44277, 'eta_hours': 0.40235, 'loss': 0.06093486, 'lr': 0.00093301, 'params': 130887, 'time_iter': 0.07994, 'accuracy': 0.98404, 'f1': 0.98404, 'auc': 0.99939}
val: {'epoch': 15, 'time_epoch': 2.20854, 'loss': 0.12703929, 'lr': 0, 'params': 130887, 'time_iter': 0.04699, 'accuracy': 0.96774, 'f1': 0.96816, 'auc': 0.99818}
test: {'epoch': 15, 'time_epoch': 2.28479, 'loss': 0.15167451, 'lr': 0, 'params': 130887, 'time_iter': 0.04861, 'accuracy': 0.9651, 'f1': 0.96436, 'auc': 0.99725}
> Epoch 15: took 34.4s (avg 34.2s) | Best so far: epoch 14	train_loss: 0.0737 train_accuracy: 0.9812	val_loss: 0.1435 val_accuracy: 0.9677	test_loss: 0.1397 test_accuracy: 0.9624
train: {'epoch': 16, 'time_epoch': 28.83038, 'eta': 1416.82245, 'eta_hours': 0.39356, 'loss': 0.0570439, 'lr': 0.00091934, 'params': 130887, 'time_iter': 0.07729, 'accuracy': 0.98589, 'f1': 0.98587, 'auc': 0.99961}
val: {'epoch': 16, 'time_epoch': 2.14506, 'loss': 0.14934077, 'lr': 0, 'params': 130887, 'time_iter': 0.04564, 'accuracy': 0.96505, 'f1': 0.96585, 'auc': 0.99683}
test: {'epoch': 16, 'time_epoch': 2.56726, 'loss': 0.13904628, 'lr': 0, 'params': 130887, 'time_iter': 0.05462, 'accuracy': 0.96644, 'f1': 0.96571, 'auc': 0.99689}
> Epoch 16: took 33.6s (avg 34.2s) | Best so far: epoch 14	train_loss: 0.0737 train_accuracy: 0.9812	val_loss: 0.1435 val_accuracy: 0.9677	test_loss: 0.1397 test_accuracy: 0.9624
train: {'epoch': 17, 'time_epoch': 29.37068, 'eta': 1386.9229, 'eta_hours': 0.38526, 'loss': 0.06283636, 'lr': 0.00090451, 'params': 130887, 'time_iter': 0.07874, 'accuracy': 0.98371, 'f1': 0.98371, 'auc': 0.99932}
val: {'epoch': 17, 'time_epoch': 2.38731, 'loss': 0.22053202, 'lr': 0, 'params': 130887, 'time_iter': 0.05079, 'accuracy': 0.93952, 'f1': 0.94098, 'auc': 0.99767}
test: {'epoch': 17, 'time_epoch': 2.42205, 'loss': 0.18044789, 'lr': 0, 'params': 130887, 'time_iter': 0.05153, 'accuracy': 0.95302, 'f1': 0.95119, 'auc': 0.99704}
> Epoch 17: took 34.3s (avg 34.2s) | Best so far: epoch 14	train_loss: 0.0737 train_accuracy: 0.9812	val_loss: 0.1435 val_accuracy: 0.9677	test_loss: 0.1397 test_accuracy: 0.9624
train: {'epoch': 18, 'time_epoch': 30.34039, 'eta': 1359.42674, 'eta_hours': 0.37762, 'loss': 0.05533559, 'lr': 0.00088857, 'params': 130887, 'time_iter': 0.08134, 'accuracy': 0.98404, 'f1': 0.98402, 'auc': 0.99965}
val: {'epoch': 18, 'time_epoch': 2.27046, 'loss': 0.17399596, 'lr': 0, 'params': 130887, 'time_iter': 0.04831, 'accuracy': 0.95699, 'f1': 0.9581, 'auc': 0.99652}
test: {'epoch': 18, 'time_epoch': 2.29673, 'loss': 0.1834337, 'lr': 0, 'params': 130887, 'time_iter': 0.04887, 'accuracy': 0.95034, 'f1': 0.94929, 'auc': 0.99679}
> Epoch 18: took 35.0s (avg 34.2s) | Best so far: epoch 14	train_loss: 0.0737 train_accuracy: 0.9812	val_loss: 0.1435 val_accuracy: 0.9677	test_loss: 0.1397 test_accuracy: 0.9624
train: {'epoch': 19, 'time_epoch': 29.99344, 'eta': 1330.86554, 'eta_hours': 0.36968, 'loss': 0.04649145, 'lr': 0.00087157, 'params': 130887, 'time_iter': 0.08041, 'accuracy': 0.9869, 'f1': 0.9869, 'auc': 0.99966}
val: {'epoch': 19, 'time_epoch': 2.27837, 'loss': 0.18165773, 'lr': 0, 'params': 130887, 'time_iter': 0.04848, 'accuracy': 0.94892, 'f1': 0.9508, 'auc': 0.99782}
test: {'epoch': 19, 'time_epoch': 2.29664, 'loss': 0.15635318, 'lr': 0, 'params': 130887, 'time_iter': 0.04886, 'accuracy': 0.95705, 'f1': 0.95663, 'auc': 0.99836}
> Epoch 19: took 34.6s (avg 34.3s) | Best so far: epoch 14	train_loss: 0.0737 train_accuracy: 0.9812	val_loss: 0.1435 val_accuracy: 0.9677	test_loss: 0.1397 test_accuracy: 0.9624
train: {'epoch': 20, 'time_epoch': 30.83689, 'eta': 1303.93514, 'eta_hours': 0.3622, 'loss': 0.03027686, 'lr': 0.00085355, 'params': 130887, 'time_iter': 0.08267, 'accuracy': 0.99194, 'f1': 0.99194, 'auc': 0.99986}
val: {'epoch': 20, 'time_epoch': 2.23093, 'loss': 0.17859117, 'lr': 0, 'params': 130887, 'time_iter': 0.04747, 'accuracy': 0.95833, 'f1': 0.95993, 'auc': 0.99664}
test: {'epoch': 20, 'time_epoch': 2.27445, 'loss': 0.16162969, 'lr': 0, 'params': 130887, 'time_iter': 0.04839, 'accuracy': 0.9651, 'f1': 0.96432, 'auc': 0.99821}
> Epoch 20: took 35.4s (avg 34.3s) | Best so far: epoch 14	train_loss: 0.0737 train_accuracy: 0.9812	val_loss: 0.1435 val_accuracy: 0.9677	test_loss: 0.1397 test_accuracy: 0.9624
train: {'epoch': 21, 'time_epoch': 29.03125, 'eta': 1273.12041, 'eta_hours': 0.35364, 'loss': 0.02654931, 'lr': 0.00083457, 'params': 130887, 'time_iter': 0.07783, 'accuracy': 0.99278, 'f1': 0.99273, 'auc': 0.99991}
val: {'epoch': 21, 'time_epoch': 2.18893, 'loss': 0.18634073, 'lr': 0, 'params': 130887, 'time_iter': 0.04657, 'accuracy': 0.95565, 'f1': 0.957, 'auc': 0.99737}
test: {'epoch': 21, 'time_epoch': 2.2598, 'loss': 0.15559534, 'lr': 0, 'params': 130887, 'time_iter': 0.04808, 'accuracy': 0.96644, 'f1': 0.9662, 'auc': 0.99829}
> Epoch 21: took 33.6s (avg 34.3s) | Best so far: epoch 14	train_loss: 0.0737 train_accuracy: 0.9812	val_loss: 0.1435 val_accuracy: 0.9677	test_loss: 0.1397 test_accuracy: 0.9624
train: {'epoch': 22, 'time_epoch': 29.78978, 'eta': 1243.84591, 'eta_hours': 0.34551, 'loss': 0.03013668, 'lr': 0.00081466, 'params': 130887, 'time_iter': 0.07987, 'accuracy': 0.99311, 'f1': 0.99311, 'auc': 0.99981}
val: {'epoch': 22, 'time_epoch': 2.16568, 'loss': 0.38177559, 'lr': 0, 'params': 130887, 'time_iter': 0.04608, 'accuracy': 0.91667, 'f1': 0.92078, 'auc': 0.99084}
test: {'epoch': 22, 'time_epoch': 2.55683, 'loss': 0.33111253, 'lr': 0, 'params': 130887, 'time_iter': 0.0544, 'accuracy': 0.9302, 'f1': 0.92926, 'auc': 0.99212}
> Epoch 22: took 34.6s (avg 34.3s) | Best so far: epoch 14	train_loss: 0.0737 train_accuracy: 0.9812	val_loss: 0.1435 val_accuracy: 0.9677	test_loss: 0.1397 test_accuracy: 0.9624
train: {'epoch': 23, 'time_epoch': 29.67466, 'eta': 1214.33181, 'eta_hours': 0.33731, 'loss': 0.03934945, 'lr': 0.00079389, 'params': 130887, 'time_iter': 0.07956, 'accuracy': 0.98959, 'f1': 0.9896, 'auc': 0.99947}
val: {'epoch': 23, 'time_epoch': 2.5746, 'loss': 0.17140182, 'lr': 0, 'params': 130887, 'time_iter': 0.05478, 'accuracy': 0.96237, 'f1': 0.96345, 'auc': 0.99706}
test: {'epoch': 23, 'time_epoch': 2.36856, 'loss': 0.16590409, 'lr': 0, 'params': 130887, 'time_iter': 0.05039, 'accuracy': 0.96644, 'f1': 0.96563, 'auc': 0.99725}
> Epoch 23: took 34.7s (avg 34.3s) | Best so far: epoch 14	train_loss: 0.0737 train_accuracy: 0.9812	val_loss: 0.1435 val_accuracy: 0.9677	test_loss: 0.1397 test_accuracy: 0.9624
train: {'epoch': 24, 'time_epoch': 29.46489, 'eta': 1184.46923, 'eta_hours': 0.32902, 'loss': 0.02511816, 'lr': 0.00077232, 'params': 130887, 'time_iter': 0.07899, 'accuracy': 0.99328, 'f1': 0.99331, 'auc': 0.99992}
val: {'epoch': 24, 'time_epoch': 2.25305, 'loss': 0.14359665, 'lr': 0, 'params': 130887, 'time_iter': 0.04794, 'accuracy': 0.96102, 'f1': 0.962, 'auc': 0.99869}
test: {'epoch': 24, 'time_epoch': 2.19367, 'loss': 0.18944759, 'lr': 0, 'params': 130887, 'time_iter': 0.04667, 'accuracy': 0.95973, 'f1': 0.95968, 'auc': 0.99767}
> Epoch 24: took 34.0s (avg 34.3s) | Best so far: epoch 14	train_loss: 0.0737 train_accuracy: 0.9812	val_loss: 0.1435 val_accuracy: 0.9677	test_loss: 0.1397 test_accuracy: 0.9624
train: {'epoch': 25, 'time_epoch': 29.94784, 'eta': 1155.36167, 'eta_hours': 0.32093, 'loss': 0.03074177, 'lr': 0.00075, 'params': 130887, 'time_iter': 0.08029, 'accuracy': 0.9911, 'f1': 0.99108, 'auc': 0.99989}
val: {'epoch': 25, 'time_epoch': 2.23683, 'loss': 0.15679832, 'lr': 0, 'params': 130887, 'time_iter': 0.04759, 'accuracy': 0.96505, 'f1': 0.96631, 'auc': 0.99774}
test: {'epoch': 25, 'time_epoch': 2.17719, 'loss': 0.16193624, 'lr': 0, 'params': 130887, 'time_iter': 0.04632, 'accuracy': 0.96107, 'f1': 0.95986, 'auc': 0.99804}
> Epoch 25: took 34.5s (avg 34.3s) | Best so far: epoch 14	train_loss: 0.0737 train_accuracy: 0.9812	val_loss: 0.1435 val_accuracy: 0.9677	test_loss: 0.1397 test_accuracy: 0.9624
train: {'epoch': 26, 'time_epoch': 29.20749, 'eta': 1125.14989, 'eta_hours': 0.31254, 'loss': 0.02664348, 'lr': 0.000727, 'params': 130887, 'time_iter': 0.0783, 'accuracy': 0.99345, 'f1': 0.99345, 'auc': 0.99988}
val: {'epoch': 26, 'time_epoch': 2.20088, 'loss': 0.2565098, 'lr': 0, 'params': 130887, 'time_iter': 0.04683, 'accuracy': 0.94892, 'f1': 0.95191, 'auc': 0.99444}
test: {'epoch': 26, 'time_epoch': 2.27332, 'loss': 0.20696447, 'lr': 0, 'params': 130887, 'time_iter': 0.04837, 'accuracy': 0.95973, 'f1': 0.95779, 'auc': 0.9983}
> Epoch 26: took 33.8s (avg 34.3s) | Best so far: epoch 14	train_loss: 0.0737 train_accuracy: 0.9812	val_loss: 0.1435 val_accuracy: 0.9677	test_loss: 0.1397 test_accuracy: 0.9624
train: {'epoch': 27, 'time_epoch': 33.32975, 'eta': 1100.45712, 'eta_hours': 0.30568, 'loss': 0.02509524, 'lr': 0.00070337, 'params': 130887, 'time_iter': 0.08936, 'accuracy': 0.99295, 'f1': 0.99296, 'auc': 0.99993}
val: {'epoch': 27, 'time_epoch': 2.16095, 'loss': 0.14901377, 'lr': 0, 'params': 130887, 'time_iter': 0.04598, 'accuracy': 0.96909, 'f1': 0.97001, 'auc': 0.99665}
test: {'epoch': 27, 'time_epoch': 2.37947, 'loss': 0.17304324, 'lr': 0, 'params': 130887, 'time_iter': 0.05063, 'accuracy': 0.9651, 'f1': 0.96422, 'auc': 0.99849}
> Epoch 27: took 38.0s (avg 34.4s) | Best so far: epoch 27	train_loss: 0.0251 train_accuracy: 0.9929	val_loss: 0.1490 val_accuracy: 0.9691	test_loss: 0.1730 test_accuracy: 0.9651
train: {'epoch': 28, 'time_epoch': 29.79575, 'eta': 1070.78165, 'eta_hours': 0.29744, 'loss': 0.02212049, 'lr': 0.00067918, 'params': 130887, 'time_iter': 0.07988, 'accuracy': 0.99395, 'f1': 0.99397, 'auc': 0.99992}
val: {'epoch': 28, 'time_epoch': 2.29268, 'loss': 0.18367414, 'lr': 0, 'params': 130887, 'time_iter': 0.04878, 'accuracy': 0.95833, 'f1': 0.95926, 'auc': 0.99679}
test: {'epoch': 28, 'time_epoch': 2.48881, 'loss': 0.18467748, 'lr': 0, 'params': 130887, 'time_iter': 0.05295, 'accuracy': 0.9651, 'f1': 0.96349, 'auc': 0.99865}
> Epoch 28: took 34.7s (avg 34.4s) | Best so far: epoch 27	train_loss: 0.0251 train_accuracy: 0.9929	val_loss: 0.1490 val_accuracy: 0.9691	test_loss: 0.1730 test_accuracy: 0.9651
train: {'epoch': 29, 'time_epoch': 29.92969, 'eta': 1041.25443, 'eta_hours': 0.28924, 'loss': 0.00857193, 'lr': 0.00065451, 'params': 130887, 'time_iter': 0.08024, 'accuracy': 0.99832, 'f1': 0.99834, 'auc': 0.99997}
val: {'epoch': 29, 'time_epoch': 2.32848, 'loss': 0.15183995, 'lr': 0, 'params': 130887, 'time_iter': 0.04954, 'accuracy': 0.96909, 'f1': 0.9701, 'auc': 0.99665}
test: {'epoch': 29, 'time_epoch': 2.24252, 'loss': 0.15821711, 'lr': 0, 'params': 130887, 'time_iter': 0.04771, 'accuracy': 0.96779, 'f1': 0.96724, 'auc': 0.99844}
> Epoch 29: took 34.6s (avg 34.4s) | Best so far: epoch 27	train_loss: 0.0251 train_accuracy: 0.9929	val_loss: 0.1490 val_accuracy: 0.9691	test_loss: 0.1730 test_accuracy: 0.9651
train: {'epoch': 30, 'time_epoch': 28.62876, 'eta': 1010.27441, 'eta_hours': 0.28063, 'loss': 0.01224237, 'lr': 0.00062941, 'params': 130887, 'time_iter': 0.07675, 'accuracy': 0.99647, 'f1': 0.99645, 'auc': 0.99998}
val: {'epoch': 30, 'time_epoch': 2.16361, 'loss': 0.2682701, 'lr': 0, 'params': 130887, 'time_iter': 0.04603, 'accuracy': 0.94355, 'f1': 0.94507, 'auc': 0.9953}
test: {'epoch': 30, 'time_epoch': 2.24017, 'loss': 0.17968767, 'lr': 0, 'params': 130887, 'time_iter': 0.04766, 'accuracy': 0.96107, 'f1': 0.96043, 'auc': 0.99807}
> Epoch 30: took 33.1s (avg 34.4s) | Best so far: epoch 27	train_loss: 0.0251 train_accuracy: 0.9929	val_loss: 0.1490 val_accuracy: 0.9691	test_loss: 0.1730 test_accuracy: 0.9651
train: {'epoch': 31, 'time_epoch': 29.90562, 'eta': 980.75811, 'eta_hours': 0.27243, 'loss': 0.01332208, 'lr': 0.00060396, 'params': 130887, 'time_iter': 0.08018, 'accuracy': 0.99597, 'f1': 0.99597, 'auc': 0.99998}
val: {'epoch': 31, 'time_epoch': 2.22991, 'loss': 0.19980869, 'lr': 0, 'params': 130887, 'time_iter': 0.04744, 'accuracy': 0.95833, 'f1': 0.9593, 'auc': 0.99494}
test: {'epoch': 31, 'time_epoch': 2.26464, 'loss': 0.22367143, 'lr': 0, 'params': 130887, 'time_iter': 0.04818, 'accuracy': 0.95436, 'f1': 0.95372, 'auc': 0.99626}
> Epoch 31: took 34.5s (avg 34.4s) | Best so far: epoch 27	train_loss: 0.0251 train_accuracy: 0.9929	val_loss: 0.1490 val_accuracy: 0.9691	test_loss: 0.1730 test_accuracy: 0.9651
train: {'epoch': 32, 'time_epoch': 29.99366, 'eta': 951.30359, 'eta_hours': 0.26425, 'loss': 0.02174015, 'lr': 0.00057822, 'params': 130887, 'time_iter': 0.08041, 'accuracy': 0.99412, 'f1': 0.99409, 'auc': 0.99981}
val: {'epoch': 32, 'time_epoch': 2.2526, 'loss': 0.22260497, 'lr': 0, 'params': 130887, 'time_iter': 0.04793, 'accuracy': 0.95565, 'f1': 0.95614, 'auc': 0.99559}
test: {'epoch': 32, 'time_epoch': 2.22436, 'loss': 0.15201371, 'lr': 0, 'params': 130887, 'time_iter': 0.04733, 'accuracy': 0.96913, 'f1': 0.96816, 'auc': 0.99904}
> Epoch 32: took 34.6s (avg 34.4s) | Best so far: epoch 27	train_loss: 0.0251 train_accuracy: 0.9929	val_loss: 0.1490 val_accuracy: 0.9691	test_loss: 0.1730 test_accuracy: 0.9651
train: {'epoch': 33, 'time_epoch': 29.91401, 'eta': 921.74473, 'eta_hours': 0.25604, 'loss': 0.00791574, 'lr': 0.00055226, 'params': 130887, 'time_iter': 0.0802, 'accuracy': 0.99798, 'f1': 0.998, 'auc': 0.99987}
val: {'epoch': 33, 'time_epoch': 2.23374, 'loss': 0.26821242, 'lr': 0, 'params': 130887, 'time_iter': 0.04753, 'accuracy': 0.95296, 'f1': 0.95416, 'auc': 0.99487}
test: {'epoch': 33, 'time_epoch': 2.21121, 'loss': 0.21465786, 'lr': 0, 'params': 130887, 'time_iter': 0.04705, 'accuracy': 0.96376, 'f1': 0.96332, 'auc': 0.99763}
> Epoch 33: took 34.5s (avg 34.4s) | Best so far: epoch 27	train_loss: 0.0251 train_accuracy: 0.9929	val_loss: 0.1490 val_accuracy: 0.9691	test_loss: 0.1730 test_accuracy: 0.9651
train: {'epoch': 34, 'time_epoch': 30.58798, 'eta': 892.74327, 'eta_hours': 0.24798, 'loss': 0.01715222, 'lr': 0.00052617, 'params': 130887, 'time_iter': 0.08201, 'accuracy': 0.99614, 'f1': 0.99611, 'auc': 0.99992}
val: {'epoch': 34, 'time_epoch': 2.15201, 'loss': 0.21388468, 'lr': 0, 'params': 130887, 'time_iter': 0.04579, 'accuracy': 0.96102, 'f1': 0.96182, 'auc': 0.99667}
test: {'epoch': 34, 'time_epoch': 2.61755, 'loss': 0.18894696, 'lr': 0, 'params': 130887, 'time_iter': 0.05569, 'accuracy': 0.96644, 'f1': 0.96647, 'auc': 0.99826}
> Epoch 34: took 35.4s (avg 34.4s) | Best so far: epoch 27	train_loss: 0.0251 train_accuracy: 0.9929	val_loss: 0.1490 val_accuracy: 0.9691	test_loss: 0.1730 test_accuracy: 0.9651
train: {'epoch': 35, 'time_epoch': 29.06617, 'eta': 862.42777, 'eta_hours': 0.23956, 'loss': 0.00492077, 'lr': 0.0005, 'params': 130887, 'time_iter': 0.07793, 'accuracy': 0.99849, 'f1': 0.99848, 'auc': 1.0}
val: {'epoch': 35, 'time_epoch': 2.24641, 'loss': 0.1541681, 'lr': 0, 'params': 130887, 'time_iter': 0.0478, 'accuracy': 0.96909, 'f1': 0.96997, 'auc': 0.99692}
test: {'epoch': 35, 'time_epoch': 2.35729, 'loss': 0.15744598, 'lr': 0, 'params': 130887, 'time_iter': 0.05016, 'accuracy': 0.96913, 'f1': 0.96889, 'auc': 0.99925}
> Epoch 35: took 33.8s (avg 34.4s) | Best so far: epoch 27	train_loss: 0.0251 train_accuracy: 0.9929	val_loss: 0.1490 val_accuracy: 0.9691	test_loss: 0.1730 test_accuracy: 0.9651
train: {'epoch': 36, 'time_epoch': 29.03823, 'eta': 832.15866, 'eta_hours': 0.23116, 'loss': 0.00711093, 'lr': 0.00047383, 'params': 130887, 'time_iter': 0.07785, 'accuracy': 0.99832, 'f1': 0.99831, 'auc': 0.99999}
val: {'epoch': 36, 'time_epoch': 2.56932, 'loss': 0.19839401, 'lr': 0, 'params': 130887, 'time_iter': 0.05467, 'accuracy': 0.97043, 'f1': 0.97108, 'auc': 0.99616}
test: {'epoch': 36, 'time_epoch': 2.28406, 'loss': 0.19550949, 'lr': 0, 'params': 130887, 'time_iter': 0.0486, 'accuracy': 0.9651, 'f1': 0.96407, 'auc': 0.99791}
> Epoch 36: took 34.0s (avg 34.4s) | Best so far: epoch 36	train_loss: 0.0071 train_accuracy: 0.9983	val_loss: 0.1984 val_accuracy: 0.9704	test_loss: 0.1955 test_accuracy: 0.9651
train: {'epoch': 37, 'time_epoch': 29.60856, 'eta': 802.35956, 'eta_hours': 0.22288, 'loss': 0.00518671, 'lr': 0.00044774, 'params': 130887, 'time_iter': 0.07938, 'accuracy': 0.99882, 'f1': 0.99882, 'auc': 0.99999}
val: {'epoch': 37, 'time_epoch': 2.22194, 'loss': 0.18209777, 'lr': 0, 'params': 130887, 'time_iter': 0.04728, 'accuracy': 0.96774, 'f1': 0.96887, 'auc': 0.99844}
test: {'epoch': 37, 'time_epoch': 2.22751, 'loss': 0.17719937, 'lr': 0, 'params': 130887, 'time_iter': 0.04739, 'accuracy': 0.97047, 'f1': 0.97002, 'auc': 0.99795}
> Epoch 37: took 34.2s (avg 34.4s) | Best so far: epoch 36	train_loss: 0.0071 train_accuracy: 0.9983	val_loss: 0.1984 val_accuracy: 0.9704	test_loss: 0.1955 test_accuracy: 0.9651
train: {'epoch': 38, 'time_epoch': 29.55145, 'eta': 772.53216, 'eta_hours': 0.21459, 'loss': 0.00245497, 'lr': 0.00042178, 'params': 130887, 'time_iter': 0.07923, 'accuracy': 0.99933, 'f1': 0.99933, 'auc': 1.0}
val: {'epoch': 38, 'time_epoch': 2.22224, 'loss': 0.144979, 'lr': 0, 'params': 130887, 'time_iter': 0.04728, 'accuracy': 0.97581, 'f1': 0.97638, 'auc': 0.99869}
test: {'epoch': 38, 'time_epoch': 2.23271, 'loss': 0.18730529, 'lr': 0, 'params': 130887, 'time_iter': 0.0475, 'accuracy': 0.96913, 'f1': 0.96844, 'auc': 0.99823}
> Epoch 38: took 34.1s (avg 34.4s) | Best so far: epoch 38	train_loss: 0.0025 train_accuracy: 0.9993	val_loss: 0.1450 val_accuracy: 0.9758	test_loss: 0.1873 test_accuracy: 0.9691
train: {'epoch': 39, 'time_epoch': 30.12244, 'eta': 743.07542, 'eta_hours': 0.20641, 'loss': 0.00189258, 'lr': 0.00039604, 'params': 130887, 'time_iter': 0.08076, 'accuracy': 0.9995, 'f1': 0.9995, 'auc': 1.0}
val: {'epoch': 39, 'time_epoch': 2.14387, 'loss': 0.15427582, 'lr': 0, 'params': 130887, 'time_iter': 0.04561, 'accuracy': 0.97043, 'f1': 0.97142, 'auc': 0.99778}
test: {'epoch': 39, 'time_epoch': 2.19059, 'loss': 0.17531801, 'lr': 0, 'params': 130887, 'time_iter': 0.04661, 'accuracy': 0.96644, 'f1': 0.96611, 'auc': 0.9987}
> Epoch 39: took 34.6s (avg 34.4s) | Best so far: epoch 38	train_loss: 0.0025 train_accuracy: 0.9993	val_loss: 0.1450 val_accuracy: 0.9758	test_loss: 0.1873 test_accuracy: 0.9691
train: {'epoch': 40, 'time_epoch': 29.28206, 'eta': 713.09428, 'eta_hours': 0.19808, 'loss': 0.00757308, 'lr': 0.00037059, 'params': 130887, 'time_iter': 0.0785, 'accuracy': 0.99849, 'f1': 0.99851, 'auc': 0.99997}
val: {'epoch': 40, 'time_epoch': 2.29002, 'loss': 0.18642412, 'lr': 0, 'params': 130887, 'time_iter': 0.04872, 'accuracy': 0.96237, 'f1': 0.96301, 'auc': 0.99766}
test: {'epoch': 40, 'time_epoch': 2.24528, 'loss': 0.13803742, 'lr': 0, 'params': 130887, 'time_iter': 0.04777, 'accuracy': 0.97584, 'f1': 0.97513, 'auc': 0.99886}
> Epoch 40: took 33.9s (avg 34.4s) | Best so far: epoch 38	train_loss: 0.0025 train_accuracy: 0.9993	val_loss: 0.1450 val_accuracy: 0.9758	test_loss: 0.1873 test_accuracy: 0.9691
train: {'epoch': 41, 'time_epoch': 29.60499, 'eta': 683.32328, 'eta_hours': 0.18981, 'loss': 0.0088513, 'lr': 0.00034549, 'params': 130887, 'time_iter': 0.07937, 'accuracy': 0.99798, 'f1': 0.99796, 'auc': 0.99989}
val: {'epoch': 41, 'time_epoch': 2.19822, 'loss': 0.16590933, 'lr': 0, 'params': 130887, 'time_iter': 0.04677, 'accuracy': 0.97312, 'f1': 0.97379, 'auc': 0.99802}
test: {'epoch': 41, 'time_epoch': 2.20064, 'loss': 0.16251489, 'lr': 0, 'params': 130887, 'time_iter': 0.04682, 'accuracy': 0.97315, 'f1': 0.97276, 'auc': 0.99893}
> Epoch 41: took 34.1s (avg 34.4s) | Best so far: epoch 38	train_loss: 0.0025 train_accuracy: 0.9993	val_loss: 0.1450 val_accuracy: 0.9758	test_loss: 0.1873 test_accuracy: 0.9691
train: {'epoch': 42, 'time_epoch': 28.96558, 'eta': 653.23286, 'eta_hours': 0.18145, 'loss': 0.00603461, 'lr': 0.00032082, 'params': 130887, 'time_iter': 0.07766, 'accuracy': 0.99832, 'f1': 0.99829, 'auc': 1.0}
val: {'epoch': 42, 'time_epoch': 2.20115, 'loss': 0.19140657, 'lr': 0, 'params': 130887, 'time_iter': 0.04683, 'accuracy': 0.96371, 'f1': 0.96455, 'auc': 0.99647}
test: {'epoch': 42, 'time_epoch': 2.53407, 'loss': 0.18689476, 'lr': 0, 'params': 130887, 'time_iter': 0.05392, 'accuracy': 0.96644, 'f1': 0.96508, 'auc': 0.99717}
> Epoch 42: took 33.8s (avg 34.4s) | Best so far: epoch 38	train_loss: 0.0025 train_accuracy: 0.9993	val_loss: 0.1450 val_accuracy: 0.9758	test_loss: 0.1873 test_accuracy: 0.9691
train: {'epoch': 43, 'time_epoch': 30.82058, 'eta': 624.0789, 'eta_hours': 0.17336, 'loss': 0.00300063, 'lr': 0.00029663, 'params': 130887, 'time_iter': 0.08263, 'accuracy': 0.9995, 'f1': 0.9995, 'auc': 1.0}
val: {'epoch': 43, 'time_epoch': 2.34402, 'loss': 0.16592342, 'lr': 0, 'params': 130887, 'time_iter': 0.04987, 'accuracy': 0.96774, 'f1': 0.96865, 'auc': 0.99745}
test: {'epoch': 43, 'time_epoch': 2.33832, 'loss': 0.17485801, 'lr': 0, 'params': 130887, 'time_iter': 0.04975, 'accuracy': 0.96913, 'f1': 0.96904, 'auc': 0.99813}
> Epoch 43: took 35.6s (avg 34.4s) | Best so far: epoch 38	train_loss: 0.0025 train_accuracy: 0.9993	val_loss: 0.1450 val_accuracy: 0.9758	test_loss: 0.1873 test_accuracy: 0.9691
train: {'epoch': 44, 'time_epoch': 30.72831, 'eta': 594.80986, 'eta_hours': 0.16522, 'loss': 0.00382443, 'lr': 0.000273, 'params': 130887, 'time_iter': 0.08238, 'accuracy': 0.9995, 'f1': 0.9995, 'auc': 1.0}
val: {'epoch': 44, 'time_epoch': 2.22227, 'loss': 0.15088923, 'lr': 0, 'params': 130887, 'time_iter': 0.04728, 'accuracy': 0.97312, 'f1': 0.97412, 'auc': 0.9977}
test: {'epoch': 44, 'time_epoch': 2.15488, 'loss': 0.16784966, 'lr': 0, 'params': 130887, 'time_iter': 0.04585, 'accuracy': 0.96644, 'f1': 0.96675, 'auc': 0.99887}
> Epoch 44: took 35.2s (avg 34.4s) | Best so far: epoch 38	train_loss: 0.0025 train_accuracy: 0.9993	val_loss: 0.1450 val_accuracy: 0.9758	test_loss: 0.1873 test_accuracy: 0.9691
train: {'epoch': 45, 'time_epoch': 30.02744, 'eta': 565.18789, 'eta_hours': 0.157, 'loss': 0.00053358, 'lr': 0.00025, 'params': 130887, 'time_iter': 0.0805, 'accuracy': 1.0, 'f1': 1.0, 'auc': 1.0}
val: {'epoch': 45, 'time_epoch': 2.32085, 'loss': 0.15211538, 'lr': 0, 'params': 130887, 'time_iter': 0.04938, 'accuracy': 0.97446, 'f1': 0.97532, 'auc': 0.9975}
test: {'epoch': 45, 'time_epoch': 2.18998, 'loss': 0.17968868, 'lr': 0, 'params': 130887, 'time_iter': 0.0466, 'accuracy': 0.96779, 'f1': 0.96713, 'auc': 0.99878}
> Epoch 45: took 34.6s (avg 34.4s) | Best so far: epoch 38	train_loss: 0.0025 train_accuracy: 0.9993	val_loss: 0.1450 val_accuracy: 0.9758	test_loss: 0.1873 test_accuracy: 0.9691
train: {'epoch': 46, 'time_epoch': 29.30059, 'eta': 535.2703, 'eta_hours': 0.14869, 'loss': 0.00237176, 'lr': 0.00022768, 'params': 130887, 'time_iter': 0.07855, 'accuracy': 0.9995, 'f1': 0.99949, 'auc': 0.99999}
val: {'epoch': 46, 'time_epoch': 2.19045, 'loss': 0.1547671, 'lr': 0, 'params': 130887, 'time_iter': 0.04661, 'accuracy': 0.97043, 'f1': 0.97118, 'auc': 0.99746}
test: {'epoch': 46, 'time_epoch': 2.13821, 'loss': 0.20239451, 'lr': 0, 'params': 130887, 'time_iter': 0.04549, 'accuracy': 0.96376, 'f1': 0.96328, 'auc': 0.99883}
> Epoch 46: took 33.7s (avg 34.4s) | Best so far: epoch 38	train_loss: 0.0025 train_accuracy: 0.9993	val_loss: 0.1450 val_accuracy: 0.9758	test_loss: 0.1873 test_accuracy: 0.9691
train: {'epoch': 47, 'time_epoch': 29.14899, 'eta': 505.32472, 'eta_hours': 0.14037, 'loss': 0.00114253, 'lr': 0.00020611, 'params': 130887, 'time_iter': 0.07815, 'accuracy': 0.99983, 'f1': 0.99983, 'auc': 1.0}
val: {'epoch': 47, 'time_epoch': 2.0889, 'loss': 0.19816654, 'lr': 0, 'params': 130887, 'time_iter': 0.04444, 'accuracy': 0.96505, 'f1': 0.96619, 'auc': 0.99602}
test: {'epoch': 47, 'time_epoch': 2.21278, 'loss': 0.19386325, 'lr': 0, 'params': 130887, 'time_iter': 0.04708, 'accuracy': 0.96913, 'f1': 0.96829, 'auc': 0.99882}
> Epoch 47: took 33.5s (avg 34.4s) | Best so far: epoch 38	train_loss: 0.0025 train_accuracy: 0.9993	val_loss: 0.1450 val_accuracy: 0.9758	test_loss: 0.1873 test_accuracy: 0.9691
train: {'epoch': 48, 'time_epoch': 29.2445, 'eta': 475.44284, 'eta_hours': 0.13207, 'loss': 0.00066944, 'lr': 0.00018534, 'params': 130887, 'time_iter': 0.0784, 'accuracy': 0.99983, 'f1': 0.99984, 'auc': 1.0}
val: {'epoch': 48, 'time_epoch': 2.20034, 'loss': 0.20472778, 'lr': 0, 'params': 130887, 'time_iter': 0.04682, 'accuracy': 0.96909, 'f1': 0.97003, 'auc': 0.9966}
test: {'epoch': 48, 'time_epoch': 2.22372, 'loss': 0.18744785, 'lr': 0, 'params': 130887, 'time_iter': 0.04731, 'accuracy': 0.97047, 'f1': 0.97017, 'auc': 0.99889}
> Epoch 48: took 33.8s (avg 34.4s) | Best so far: epoch 38	train_loss: 0.0025 train_accuracy: 0.9993	val_loss: 0.1450 val_accuracy: 0.9758	test_loss: 0.1873 test_accuracy: 0.9691
train: {'epoch': 49, 'time_epoch': 28.66401, 'eta': 445.41231, 'eta_hours': 0.12373, 'loss': 0.00043155, 'lr': 0.00016543, 'params': 130887, 'time_iter': 0.07685, 'accuracy': 1.0, 'f1': 1.0, 'auc': 1.0}
val: {'epoch': 49, 'time_epoch': 2.17042, 'loss': 0.20782203, 'lr': 0, 'params': 130887, 'time_iter': 0.04618, 'accuracy': 0.96505, 'f1': 0.9659, 'auc': 0.99661}
test: {'epoch': 49, 'time_epoch': 2.43708, 'loss': 0.20776816, 'lr': 0, 'params': 130887, 'time_iter': 0.05185, 'accuracy': 0.96779, 'f1': 0.96681, 'auc': 0.99869}
> Epoch 49: took 33.4s (avg 34.3s) | Best so far: epoch 38	train_loss: 0.0025 train_accuracy: 0.9993	val_loss: 0.1450 val_accuracy: 0.9758	test_loss: 0.1873 test_accuracy: 0.9691
train: {'epoch': 50, 'time_epoch': 30.10029, 'eta': 415.82965, 'eta_hours': 0.11551, 'loss': 0.00058372, 'lr': 0.00014645, 'params': 130887, 'time_iter': 0.0807, 'accuracy': 1.0, 'f1': 1.0, 'auc': 1.0}
val: {'epoch': 50, 'time_epoch': 2.74995, 'loss': 0.20942205, 'lr': 0, 'params': 130887, 'time_iter': 0.05851, 'accuracy': 0.96505, 'f1': 0.96641, 'auc': 0.99736}
test: {'epoch': 50, 'time_epoch': 2.52554, 'loss': 0.16310314, 'lr': 0, 'params': 130887, 'time_iter': 0.05373, 'accuracy': 0.97181, 'f1': 0.971, 'auc': 0.99883}
> Epoch 50: took 35.5s (avg 34.4s) | Best so far: epoch 38	train_loss: 0.0025 train_accuracy: 0.9993	val_loss: 0.1450 val_accuracy: 0.9758	test_loss: 0.1873 test_accuracy: 0.9691
train: {'epoch': 51, 'time_epoch': 36.74687, 'eta': 387.88872, 'eta_hours': 0.10775, 'loss': 0.00048577, 'lr': 0.00012843, 'params': 130887, 'time_iter': 0.09852, 'accuracy': 0.99983, 'f1': 0.99983, 'auc': 1.0}
val: {'epoch': 51, 'time_epoch': 2.87542, 'loss': 0.15379011, 'lr': 0, 'params': 130887, 'time_iter': 0.06118, 'accuracy': 0.97446, 'f1': 0.97541, 'auc': 0.99809}
test: {'epoch': 51, 'time_epoch': 2.95244, 'loss': 0.17541045, 'lr': 0, 'params': 130887, 'time_iter': 0.06282, 'accuracy': 0.97181, 'f1': 0.97134, 'auc': 0.99905}
> Epoch 51: took 42.7s (avg 34.5s) | Best so far: epoch 38	train_loss: 0.0025 train_accuracy: 0.9993	val_loss: 0.1450 val_accuracy: 0.9758	test_loss: 0.1873 test_accuracy: 0.9691
train: {'epoch': 52, 'time_epoch': 37.60067, 'eta': 359.8088, 'eta_hours': 0.09995, 'loss': 0.00032735, 'lr': 0.00011143, 'params': 130887, 'time_iter': 0.10081, 'accuracy': 1.0, 'f1': 1.0, 'auc': 1.0}
val: {'epoch': 52, 'time_epoch': 2.41238, 'loss': 0.17170053, 'lr': 0, 'params': 130887, 'time_iter': 0.05133, 'accuracy': 0.96909, 'f1': 0.96995, 'auc': 0.99846}
test: {'epoch': 52, 'time_epoch': 2.5757, 'loss': 0.17151497, 'lr': 0, 'params': 130887, 'time_iter': 0.0548, 'accuracy': 0.97181, 'f1': 0.97114, 'auc': 0.99906}
> Epoch 52: took 42.7s (avg 34.7s) | Best so far: epoch 38	train_loss: 0.0025 train_accuracy: 0.9993	val_loss: 0.1450 val_accuracy: 0.9758	test_loss: 0.1873 test_accuracy: 0.9691
train: {'epoch': 53, 'time_epoch': 46.11289, 'eta': 333.11024, 'eta_hours': 0.09253, 'loss': 0.00029222, 'lr': 9.549e-05, 'params': 130887, 'time_iter': 0.12363, 'accuracy': 1.0, 'f1': 1.0, 'auc': 1.0}
val: {'epoch': 53, 'time_epoch': 3.33347, 'loss': 0.17758959, 'lr': 0, 'params': 130887, 'time_iter': 0.07092, 'accuracy': 0.96909, 'f1': 0.97005, 'auc': 0.99782}
test: {'epoch': 53, 'time_epoch': 3.25329, 'loss': 0.16739511, 'lr': 0, 'params': 130887, 'time_iter': 0.06922, 'accuracy': 0.97181, 'f1': 0.97114, 'auc': 0.99903}
> Epoch 53: took 52.8s (avg 35.0s) | Best so far: epoch 38	train_loss: 0.0025 train_accuracy: 0.9993	val_loss: 0.1450 val_accuracy: 0.9758	test_loss: 0.1873 test_accuracy: 0.9691
train: {'epoch': 54, 'time_epoch': 43.67278, 'eta': 305.26204, 'eta_hours': 0.0848, 'loss': 0.00028173, 'lr': 8.066e-05, 'params': 130887, 'time_iter': 0.11709, 'accuracy': 1.0, 'f1': 1.0, 'auc': 1.0}
val: {'epoch': 54, 'time_epoch': 3.04975, 'loss': 0.17694662, 'lr': 0, 'params': 130887, 'time_iter': 0.06489, 'accuracy': 0.96909, 'f1': 0.96998, 'auc': 0.99756}
test: {'epoch': 54, 'time_epoch': 3.19682, 'loss': 0.16881456, 'lr': 0, 'params': 130887, 'time_iter': 0.06802, 'accuracy': 0.97315, 'f1': 0.97243, 'auc': 0.99902}
> Epoch 54: took 50.0s (avg 35.3s) | Best so far: epoch 38	train_loss: 0.0025 train_accuracy: 0.9993	val_loss: 0.1450 val_accuracy: 0.9758	test_loss: 0.1873 test_accuracy: 0.9691
train: {'epoch': 55, 'time_epoch': 42.89632, 'eta': 276.72389, 'eta_hours': 0.07687, 'loss': 0.00089638, 'lr': 6.699e-05, 'params': 130887, 'time_iter': 0.115, 'accuracy': 0.99983, 'f1': 0.99983, 'auc': 1.0}
val: {'epoch': 55, 'time_epoch': 2.92901, 'loss': 0.15262944, 'lr': 0, 'params': 130887, 'time_iter': 0.06232, 'accuracy': 0.97177, 'f1': 0.97254, 'auc': 0.99806}
test: {'epoch': 55, 'time_epoch': 3.19427, 'loss': 0.18242517, 'lr': 0, 'params': 130887, 'time_iter': 0.06796, 'accuracy': 0.9745, 'f1': 0.97413, 'auc': 0.99886}
> Epoch 55: took 49.1s (avg 35.5s) | Best so far: epoch 38	train_loss: 0.0025 train_accuracy: 0.9993	val_loss: 0.1450 val_accuracy: 0.9758	test_loss: 0.1873 test_accuracy: 0.9691
train: {'epoch': 56, 'time_epoch': 42.92202, 'eta': 247.68555, 'eta_hours': 0.0688, 'loss': 0.00027628, 'lr': 5.45e-05, 'params': 130887, 'time_iter': 0.11507, 'accuracy': 1.0, 'f1': 1.0, 'auc': 1.0}
val: {'epoch': 56, 'time_epoch': 2.91592, 'loss': 0.15122341, 'lr': 0, 'params': 130887, 'time_iter': 0.06204, 'accuracy': 0.97446, 'f1': 0.97523, 'auc': 0.99813}
test: {'epoch': 56, 'time_epoch': 3.1273, 'loss': 0.18396501, 'lr': 0, 'params': 130887, 'time_iter': 0.06654, 'accuracy': 0.9745, 'f1': 0.97416, 'auc': 0.99886}
> Epoch 56: took 49.1s (avg 35.8s) | Best so far: epoch 38	train_loss: 0.0025 train_accuracy: 0.9993	val_loss: 0.1450 val_accuracy: 0.9758	test_loss: 0.1873 test_accuracy: 0.9691
train: {'epoch': 57, 'time_epoch': 43.41888, 'eta': 218.22843, 'eta_hours': 0.06062, 'loss': 0.00027809, 'lr': 4.323e-05, 'params': 130887, 'time_iter': 0.1164, 'accuracy': 1.0, 'f1': 1.0, 'auc': 1.0}
val: {'epoch': 57, 'time_epoch': 3.22694, 'loss': 0.15928126, 'lr': 0, 'params': 130887, 'time_iter': 0.06866, 'accuracy': 0.97446, 'f1': 0.97531, 'auc': 0.99799}
test: {'epoch': 57, 'time_epoch': 3.07716, 'loss': 0.18382746, 'lr': 0, 'params': 130887, 'time_iter': 0.06547, 'accuracy': 0.97181, 'f1': 0.97143, 'auc': 0.99904}
> Epoch 57: took 49.8s (avg 36.0s) | Best so far: epoch 38	train_loss: 0.0025 train_accuracy: 0.9993	val_loss: 0.1450 val_accuracy: 0.9758	test_loss: 0.1873 test_accuracy: 0.9691
train: {'epoch': 58, 'time_epoch': 44.29451, 'eta': 188.38708, 'eta_hours': 0.05233, 'loss': 0.00025833, 'lr': 3.321e-05, 'params': 130887, 'time_iter': 0.11875, 'accuracy': 1.0, 'f1': 1.0, 'auc': 1.0}
val: {'epoch': 58, 'time_epoch': 3.5723, 'loss': 0.16484251, 'lr': 0, 'params': 130887, 'time_iter': 0.07601, 'accuracy': 0.97581, 'f1': 0.97652, 'auc': 0.99807}
test: {'epoch': 58, 'time_epoch': 3.65245, 'loss': 0.1862198, 'lr': 0, 'params': 130887, 'time_iter': 0.07771, 'accuracy': 0.96913, 'f1': 0.96881, 'auc': 0.99878}
> Epoch 58: took 51.7s (avg 36.3s) | Best so far: epoch 38	train_loss: 0.0025 train_accuracy: 0.9993	val_loss: 0.1450 val_accuracy: 0.9758	test_loss: 0.1873 test_accuracy: 0.9691
train: {'epoch': 59, 'time_epoch': 42.75486, 'eta': 157.93565, 'eta_hours': 0.04387, 'loss': 0.0002477, 'lr': 2.447e-05, 'params': 130887, 'time_iter': 0.11462, 'accuracy': 1.0, 'f1': 1.0, 'auc': 1.0}
val: {'epoch': 59, 'time_epoch': 2.94826, 'loss': 0.15342652, 'lr': 0, 'params': 130887, 'time_iter': 0.06273, 'accuracy': 0.97446, 'f1': 0.97535, 'auc': 0.9983}
test: {'epoch': 59, 'time_epoch': 2.82607, 'loss': 0.18552109, 'lr': 0, 'params': 130887, 'time_iter': 0.06013, 'accuracy': 0.97047, 'f1': 0.97015, 'auc': 0.99856}
> Epoch 59: took 48.6s (avg 36.5s) | Best so far: epoch 38	train_loss: 0.0025 train_accuracy: 0.9993	val_loss: 0.1450 val_accuracy: 0.9758	test_loss: 0.1873 test_accuracy: 0.9691
train: {'epoch': 60, 'time_epoch': 43.53761, 'eta': 127.13216, 'eta_hours': 0.03531, 'loss': 0.0002459, 'lr': 1.704e-05, 'params': 130887, 'time_iter': 0.11672, 'accuracy': 1.0, 'f1': 1.0, 'auc': 1.0}
val: {'epoch': 60, 'time_epoch': 2.99993, 'loss': 0.15407821, 'lr': 0, 'params': 130887, 'time_iter': 0.06383, 'accuracy': 0.97715, 'f1': 0.97802, 'auc': 0.99828}
test: {'epoch': 60, 'time_epoch': 2.98667, 'loss': 0.18044154, 'lr': 0, 'params': 130887, 'time_iter': 0.06355, 'accuracy': 0.97181, 'f1': 0.97135, 'auc': 0.99873}
> Epoch 60: took 49.6s (avg 36.7s) | Best so far: epoch 60	train_loss: 0.0002 train_accuracy: 1.0000	val_loss: 0.1541 val_accuracy: 0.9771	test_loss: 0.1804 test_accuracy: 0.9718
train: {'epoch': 61, 'time_epoch': 43.39616, 'eta': 95.91105, 'eta_hours': 0.02664, 'loss': 0.00025196, 'lr': 1.093e-05, 'params': 130887, 'time_iter': 0.11634, 'accuracy': 1.0, 'f1': 1.0, 'auc': 1.0}
val: {'epoch': 61, 'time_epoch': 3.12107, 'loss': 0.16162435, 'lr': 0, 'params': 130887, 'time_iter': 0.06641, 'accuracy': 0.97581, 'f1': 0.97652, 'auc': 0.9974}
test: {'epoch': 61, 'time_epoch': 2.97764, 'loss': 0.17706551, 'lr': 0, 'params': 130887, 'time_iter': 0.06335, 'accuracy': 0.97047, 'f1': 0.97012, 'auc': 0.9989}
> Epoch 61: took 49.6s (avg 36.9s) | Best so far: epoch 60	train_loss: 0.0002 train_accuracy: 1.0000	val_loss: 0.1541 val_accuracy: 0.9771	test_loss: 0.1804 test_accuracy: 0.9718
train: {'epoch': 62, 'time_epoch': 45.34313, 'eta': 64.36523, 'eta_hours': 0.01788, 'loss': 0.00024969, 'lr': 6.16e-06, 'params': 130887, 'time_iter': 0.12156, 'accuracy': 1.0, 'f1': 1.0, 'auc': 1.0}
val: {'epoch': 62, 'time_epoch': 2.94281, 'loss': 0.15949532, 'lr': 0, 'params': 130887, 'time_iter': 0.06261, 'accuracy': 0.97312, 'f1': 0.97399, 'auc': 0.99732}
test: {'epoch': 62, 'time_epoch': 3.05124, 'loss': 0.18418115, 'lr': 0, 'params': 130887, 'time_iter': 0.06492, 'accuracy': 0.97047, 'f1': 0.9701, 'auc': 0.99857}
> Epoch 62: took 51.4s (avg 37.1s) | Best so far: epoch 60	train_loss: 0.0002 train_accuracy: 1.0000	val_loss: 0.1541 val_accuracy: 0.9771	test_loss: 0.1804 test_accuracy: 0.9718
train: {'epoch': 63, 'time_epoch': 43.55267, 'eta': 32.36027, 'eta_hours': 0.00899, 'loss': 0.00023793, 'lr': 2.74e-06, 'params': 130887, 'time_iter': 0.11676, 'accuracy': 1.0, 'f1': 1.0, 'auc': 1.0}
val: {'epoch': 63, 'time_epoch': 3.09571, 'loss': 0.15916623, 'lr': 0, 'params': 130887, 'time_iter': 0.06587, 'accuracy': 0.97446, 'f1': 0.97531, 'auc': 0.99825}
test: {'epoch': 63, 'time_epoch': 3.23275, 'loss': 0.18218107, 'lr': 0, 'params': 130887, 'time_iter': 0.06878, 'accuracy': 0.9745, 'f1': 0.97394, 'auc': 0.99896}
> Epoch 63: took 50.0s (avg 37.3s) | Best so far: epoch 60	train_loss: 0.0002 train_accuracy: 1.0000	val_loss: 0.1541 val_accuracy: 0.9771	test_loss: 0.1804 test_accuracy: 0.9718
train: {'epoch': 64, 'time_epoch': 44.15586, 'eta': 0.0, 'eta_hours': 0.0, 'loss': 0.00025469, 'lr': 6.9e-07, 'params': 130887, 'time_iter': 0.11838, 'accuracy': 1.0, 'f1': 1.0, 'auc': 1.0}
val: {'epoch': 64, 'time_epoch': 3.29797, 'loss': 0.15933732, 'lr': 0, 'params': 130887, 'time_iter': 0.07017, 'accuracy': 0.97581, 'f1': 0.97671, 'auc': 0.99768}
test: {'epoch': 64, 'time_epoch': 3.12003, 'loss': 0.18095514, 'lr': 0, 'params': 130887, 'time_iter': 0.06638, 'accuracy': 0.97315, 'f1': 0.97285, 'auc': 0.9986}
> Epoch 64: took 50.7s (avg 37.5s) | Best so far: epoch 60	train_loss: 0.0002 train_accuracy: 1.0000	val_loss: 0.1541 val_accuracy: 0.9771	test_loss: 0.1804 test_accuracy: 0.9718
Avg time per epoch: 37.55s
Total train loop time: 0.68h
Task done, results saved in results\neural-Act\0
Results aggregated across runs saved in results\neural-Act\agg
[*] All done: 2024-03-12 02:51:12.529909
