[*] Run ID 0: seed=0, split_index=0
    Starting now: 2024-03-05 15:40:23.520037
[*] Loaded dataset 'HCPGender' from 'PyG-NeuroGraphDataset':
  Data(x=[1078000, 1000], edge_index=[2, 49133748], y=[1078])
  undirected: True
  num graphs: 1078
  avg num_nodes/graph: 1000
  num node features: 1000
  num edge features: 1
  num classes: 2
Precomputing Positional Encoding statistics: ['EquivStableLapPE'] for all graphs...
  ...estimated to be undirected: True
Done! Took 00:02:18.16
Adding expander edges (round 0) ...
Done! Took 00:01:12.56
GraphGymModule(
  (model): MultiModel(
    (encoder): FeatureEncoder(
      (node_encoder): Concat2NodeEncoder(
        (encoder1): LinearNodeEncoder(
          (encoder): Linear(in_features=1000, out_features=64, bias=True)
        )
        (encoder2): EquivStableLapPENodeEncoder(
          (linear_encoder_eigenvec): Linear(in_features=8, out_features=64, bias=True)
        )
      )
      (edge_encoder): LinearEdgeEncoder(
        (encoder): Linear(in_features=1, out_features=64, bias=True)
      )
      (exp_edge_fixer): ExpanderEdgeFixer(
        (exp_edge_attr): Embedding(1, 64)
        (virt_node_emb): Embedding(1, 64)
        (virt_edge_out_emb): Embedding(1, 64)
        (virt_edge_in_emb): Embedding(1, 64)
      )
    )
    (layers): Sequential(
      (0): MultiLayer(
        summary: dim_h=64, local_gnn_type=['CustomGatedGCN', 'Exphormer'], heads=4
        (models): ModuleList(
          (0): LocalModel(
            (local_model): GatedGCNLayer()
            (norm1_local): BatchNorm1d(64, eps=1e-05, momentum=0.1, affine=True, track_running_stats=True)
            (dropout_local): Dropout(p=0.1, inplace=False)
          )
          (1): GlobalModel(
            (self_attn): ExphormerAttention(
              (Q): Linear(in_features=64, out_features=64, bias=False)
              (K): Linear(in_features=64, out_features=64, bias=False)
              (E): Linear(in_features=64, out_features=64, bias=False)
              (V): Linear(in_features=64, out_features=64, bias=False)
            )
            (norm1_attn): BatchNorm1d(64, eps=1e-05, momentum=0.1, affine=True, track_running_stats=True)
            (dropout_attn): Dropout(p=0.1, inplace=False)
          )
        )
        (ff_linear1): Linear(in_features=64, out_features=128, bias=True)
        (ff_linear2): Linear(in_features=128, out_features=64, bias=True)
        (norm2): BatchNorm1d(64, eps=1e-05, momentum=0.1, affine=True, track_running_stats=True)
        (ff_dropout1): Dropout(p=0.1, inplace=False)
        (ff_dropout2): Dropout(p=0.1, inplace=False)
      )
      (1): MultiLayer(
        summary: dim_h=64, local_gnn_type=['CustomGatedGCN', 'Exphormer'], heads=4
        (models): ModuleList(
          (0): LocalModel(
            (local_model): GatedGCNLayer()
            (norm1_local): BatchNorm1d(64, eps=1e-05, momentum=0.1, affine=True, track_running_stats=True)
            (dropout_local): Dropout(p=0.1, inplace=False)
          )
          (1): GlobalModel(
            (self_attn): ExphormerAttention(
              (Q): Linear(in_features=64, out_features=64, bias=False)
              (K): Linear(in_features=64, out_features=64, bias=False)
              (E): Linear(in_features=64, out_features=64, bias=False)
              (V): Linear(in_features=64, out_features=64, bias=False)
            )
            (norm1_attn): BatchNorm1d(64, eps=1e-05, momentum=0.1, affine=True, track_running_stats=True)
            (dropout_attn): Dropout(p=0.1, inplace=False)
          )
        )
        (ff_linear1): Linear(in_features=64, out_features=128, bias=True)
        (ff_linear2): Linear(in_features=128, out_features=64, bias=True)
        (norm2): BatchNorm1d(64, eps=1e-05, momentum=0.1, affine=True, track_running_stats=True)
        (ff_dropout1): Dropout(p=0.1, inplace=False)
        (ff_dropout2): Dropout(p=0.1, inplace=False)
      )
      (2): MultiLayer(
        summary: dim_h=64, local_gnn_type=['CustomGatedGCN', 'Exphormer'], heads=4
        (models): ModuleList(
          (0): LocalModel(
            (local_model): GatedGCNLayer()
            (norm1_local): BatchNorm1d(64, eps=1e-05, momentum=0.1, affine=True, track_running_stats=True)
            (dropout_local): Dropout(p=0.1, inplace=False)
          )
          (1): GlobalModel(
            (self_attn): ExphormerAttention(
              (Q): Linear(in_features=64, out_features=64, bias=False)
              (K): Linear(in_features=64, out_features=64, bias=False)
              (E): Linear(in_features=64, out_features=64, bias=False)
              (V): Linear(in_features=64, out_features=64, bias=False)
            )
            (norm1_attn): BatchNorm1d(64, eps=1e-05, momentum=0.1, affine=True, track_running_stats=True)
            (dropout_attn): Dropout(p=0.1, inplace=False)
          )
        )
        (ff_linear1): Linear(in_features=64, out_features=128, bias=True)
        (ff_linear2): Linear(in_features=128, out_features=64, bias=True)
        (norm2): BatchNorm1d(64, eps=1e-05, momentum=0.1, affine=True, track_running_stats=True)
        (ff_dropout1): Dropout(p=0.1, inplace=False)
        (ff_dropout2): Dropout(p=0.1, inplace=False)
      )
    )
    (post_mp): GNNGraphHead(
      (layer_post_mp): MLP(
        (model): Sequential(
          (0): GeneralMultiLayer(
            (Layer_0): GeneralLayer(
              (layer): Linear(
                (model): Linear(64, 64, bias=True)
              )
              (post_layer): Sequential(
                (0): ReLU()
              )
            )
          )
          (1): Linear(
            (model): Linear(64, 1, bias=True)
          )
        )
      )
    )
  )
)
accelerator: cpu
benchmark: False
bn:
  eps: 1e-05
  mom: 0.1
cfg_dest: config.yaml
custom_metrics: []
dataset:
  cache_load: False
  cache_save: False
  dir: ./datasets
  edge_dim: 128
  edge_encoder: True
  edge_encoder_bn: False
  edge_encoder_name: LinearEdge
  edge_encoder_num_types: 0
  edge_message_ratio: 0.8
  edge_negative_sampling_ratio: 1.0
  edge_train_mode: all
  encoder: True
  encoder_bn: True
  encoder_dim: 128
  encoder_name: db
  format: PyG-NeuroGraphDataset
  infer_link_label: None
  label_column: none
  label_table: none
  location: local
  name: HCPGender
  node_encoder: True
  node_encoder_bn: False
  node_encoder_name: LinearNode+EquivStableLapPE
  node_encoder_num_types: 0
  remove_feature: False
  resample_disjoint: False
  resample_negative: False
  shuffle_split: True
  slic_compactness: 10
  split: [0.8, 0.1, 0.1]
  split_dir: ./splits
  split_index: 0
  split_mode: random
  task: graph
  task_type: classification
  to_undirected: False
  transductive: False
  transform: none
  tu_simple: True
devices: None
example_arg: example
example_group:
  example_arg: example
gnn:
  act: relu
  agg: mean
  att_final_linear: False
  att_final_linear_bn: False
  att_heads: 1
  batchnorm: False
  clear_feature: True
  dim_inner: 64
  dropout: 0.1
  head: graph
  keep_edge: 0.5
  l2norm: True
  layer_type: generalconv
  layers_mp: 2
  layers_post_mp: 2
  layers_pre_mp: 0
  msg_direction: single
  normalize_adj: False
  residual: False
  self_msg: concat
  skip_every: 1
  stage_type: stack
gpu_mem: False
graphormer:
  attention_dropout: 0.0
  dropout: 0.0
  embed_dim: 80
  input_dropout: 0.0
  mlp_dropout: 0.0
  num_heads: 4
  num_layers: 6
  use_graph_token: True
gt:
  activation: relu
  attn_dropout: 0.1
  batch_norm: True
  bigbird:
    add_cross_attention: False
    attention_type: block_sparse
    block_size: 3
    chunk_size_feed_forward: 0
    hidden_act: relu
    is_decoder: False
    layer_norm_eps: 1e-06
    max_position_embeddings: 128
    num_random_blocks: 3
    use_bias: False
  dim_edge: 64
  dim_hidden: 64
  dropout: 0.1
  full_graph: True
  gamma: 1e-05
  layer_norm: False
  layer_type: CustomGatedGCN+Exphormer
  layers: 3
  n_heads: 4
  pna_degrees: []
  residual: True
  secondary_edges: full_graph
mem:
  inplace: False
metric_agg: argmax
metric_best: accuracy
model:
  edge_decoding: dot
  graph_pooling: mean
  loss_fun: cross_entropy
  match_upper: True
  size_average: mean
  thresh: 0.5
  type: MultiModel
name_tag: 
num_threads: 6
num_workers: 0
optim:
  base_lr: 0.001
  batch_accumulation: 1
  clip_grad_norm: True
  clip_grad_norm_value: 1.0
  lr_decay: 0.1
  max_epoch: 27
  min_lr: 0.0
  momentum: 0.9
  num_warmup_epochs: 5
  optimizer: adamW
  reduce_factor: 0.1
  schedule_patience: 10
  scheduler: cosine_with_warmup
  steps: [30, 60, 90]
  weight_decay: 1e-05
out_dir: results/neural-Gender
posenc_ERE:
  accuracy: 0.1
  dim_pe: 16
  enable: False
  layers: 3
  model: none
  n_heads: 4
  pass_as_var: False
  post_layers: 0
  raw_norm_type: none
posenc_ERN:
  accuracy: 0.1
  dim_pe: 16
  enable: False
  er_dim: none
  layers: 3
  model: none
  n_heads: 4
  pass_as_var: False
  post_layers: 0
  raw_norm_type: none
posenc_ElstaticSE:
  dim_pe: 16
  enable: False
  kernel:
    times: []
    times_func: range(10)
  layers: 3
  model: none
  n_heads: 4
  pass_as_var: False
  post_layers: 0
  raw_norm_type: none
posenc_EquivStableLapPE:
  eigen:
    eigvec_norm: L2
    laplacian_norm: none
    max_freqs: 8
  enable: True
  raw_norm_type: none
posenc_GraphormerBias:
  dim_pe: 0
  enable: False
  node_degrees_only: False
  num_in_degrees: None
  num_out_degrees: None
  num_spatial_types: None
posenc_HKdiagSE:
  dim_pe: 16
  enable: False
  kernel:
    times: []
    times_func: 
  layers: 3
  model: none
  n_heads: 4
  pass_as_var: False
  post_layers: 0
  raw_norm_type: none
posenc_LapPE:
  dim_pe: 16
  eigen:
    eigvec_norm: L2
    laplacian_norm: sym
    max_freqs: 10
  enable: False
  layers: 3
  model: none
  n_heads: 4
  pass_as_var: False
  post_layers: 0
  raw_norm_type: none
posenc_RWSE:
  dim_pe: 16
  enable: False
  kernel:
    times: []
    times_func: 
  layers: 3
  model: none
  n_heads: 4
  pass_as_var: False
  post_layers: 0
  raw_norm_type: none
posenc_SignNet:
  dim_pe: 16
  eigen:
    eigvec_norm: L2
    laplacian_norm: sym
    max_freqs: 10
  enable: False
  layers: 3
  model: none
  n_heads: 4
  pass_as_var: False
  phi_hidden_dim: 64
  phi_out_dim: 4
  post_layers: 0
  raw_norm_type: none
prep:
  add_edge_index: True
  add_reverse_edges: True
  add_self_loops: False
  dist_cutoff: 510
  dist_enable: False
  exp: True
  exp_algorithm: Random-d
  exp_count: 1
  exp_deg: 5
  exp_max_num_iters: 100
  layer_edge_indices_dir: None
  num_virt_node: 1
  train_percent: 0.6
  use_exp_edges: True
pretrained:
  dir: 
  freeze_main: False
  reset_prediction_head: True
print: both
round: 5
run_dir: results/neural-Gender/0
run_id: 0
run_multiple_splits: []
seed: 0
share:
  dim_in: 1000
  dim_out: 2
  num_splits: 3
tensorboard_agg: True
tensorboard_each_run: True
train:
  auto_resume: False
  batch_size: 16
  ckpt_best: False
  ckpt_clean: True
  ckpt_period: 100
  enable_ckpt: True
  epoch_resume: -1
  eval_period: 1
  iter_per_epoch: 32
  mode: custom
  neighbor_sizes: [20, 15, 10, 5]
  node_per_graph: 32
  radius: extend
  sample_node: False
  sampler: full_batch
  skip_train_eval: False
  walk_length: 4
val:
  node_per_graph: 32
  radius: extend
  sample_node: False
  sampler: full_batch
view_emb: False
wandb:
  entity: gtransformers
  name: 
  project: neural
  use: False
Num parameters: 233028
Start from epoch 0
